Using pre-set license
Built from '2020.3/staging' branch; Version is '2020.3.30f1 (1fb1bf06830e) revision 2077119'; Using compiler version '192528614'; Build Type 'Release'
OS: 'Windows 10  (10.0.19044) 64bit Core' Language: 'en' Physical Memory: 16235 MB
BatchMode: 1, IsHumanControllingUs: 0, StartBugReporterOnCrash: 0, Is64bit: 1, IsPro: 0

COMMAND LINE ARGUMENTS:
C:\Program Files\Unity 2020.3.30f1\Editor\Unity.exe
-adb2
-batchMode
-noUpm
-name
AssetImportWorker0
-projectPath
C:/Users/Wiggins/Desktop/UNITY/GitHub/Mafia-Management
-logFile
Logs/AssetImportWorker0.log
-srvPort
65110
Successfully changed project path to: C:/Users/Wiggins/Desktop/UNITY/GitHub/Mafia-Management
C:/Users/Wiggins/Desktop/UNITY/GitHub/Mafia-Management
Using Asset Import Pipeline V2.
Refreshing native plugins compatible for Editor in 66.09 ms, found 2 plugins.
Preloading 0 native plugins for Editor in 0.00 ms.
Initialize engine version: 2020.3.30f1 (1fb1bf06830e)
[Subsystems] Discovering subsystems at path C:/Program Files/Unity 2020.3.30f1/Editor/Data/Resources/UnitySubsystems
[Subsystems] Discovering subsystems at path C:/Users/Wiggins/Desktop/UNITY/GitHub/Mafia-Management/Assets
GfxDevice: creating device client; threaded=0
Direct3D:
    Version:  Direct3D 11.0 [level 11.1]
    Renderer: NVIDIA GeForce GTX 1650 (ID=0x1f91)
    Vendor:   
    VRAM:     3962 MB
    Driver:   27.21.14.5763
Initialize mono
Mono path[0] = 'C:/Program Files/Unity 2020.3.30f1/Editor/Data/Managed'
Mono path[1] = 'C:/Program Files/Unity 2020.3.30f1/Editor/Data/MonoBleedingEdge/lib/mono/unityjit'
Mono config path = 'C:/Program Files/Unity 2020.3.30f1/Editor/Data/MonoBleedingEdge/etc'
Using monoOptions --debugger-agent=transport=dt_socket,embedding=1,server=y,suspend=n,address=127.0.0.1:56232
Begin MonoManager ReloadAssembly
Registering precompiled unity dll's ...
Register platform support module: C:/Program Files/Unity 2020.3.30f1/Editor/Data/PlaybackEngines/WindowsStandaloneSupport/UnityEditor.WindowsStandalone.Extensions.dll
Registered in 0.003280 seconds.
Native extension for WindowsStandalone target not found
Refreshing native plugins compatible for Editor in 61.44 ms, found 2 plugins.
Preloading 0 native plugins for Editor in 0.00 ms.
Mono: successfully reloaded assembly
- Completed reload, in  0.776 seconds
Domain Reload Profiling:
	ReloadAssembly (776ms)
		BeginReloadAssembly (126ms)
			ExecutionOrderSort (0ms)
			DisableScriptedObjects (0ms)
			BackupInstance (0ms)
			ReleaseScriptingObjects (0ms)
			CreateAndSetChildDomain (1ms)
		EndReloadAssembly (553ms)
			LoadAssemblies (122ms)
			RebuildTransferFunctionScriptingTraits (0ms)
			SetupTypeCache (178ms)
			ReleaseScriptCaches (0ms)
			RebuildScriptCaches (37ms)
			SetupLoadedEditorAssemblies (217ms)
				LogAssemblyErrors (0ms)
				InitializePlatformSupportModulesInManaged (5ms)
				SetLoadedEditorAssemblies (0ms)
				RefreshPlugins (62ms)
				BeforeProcessingInitializeOnLoad (15ms)
				ProcessInitializeOnLoadAttributes (100ms)
				ProcessInitializeOnLoadMethodAttributes (35ms)
				AfterProcessingInitializeOnLoad (0ms)
				EditorAssembliesLoaded (0ms)
			ExecutionOrderSort2 (0ms)
			AwakeInstancesAfterBackupRestoration (0ms)
Platform modules already initialized, skipping
Registering precompiled user dll's ...
Registered in 0.005950 seconds.
Begin MonoManager ReloadAssembly
Native extension for WindowsStandalone target not found
Refreshing native plugins compatible for Editor in 59.25 ms, found 2 plugins.
Preloading 0 native plugins for Editor in 0.00 ms.
Mono: successfully reloaded assembly
- Completed reload, in  1.430 seconds
Domain Reload Profiling:
	ReloadAssembly (1431ms)
		BeginReloadAssembly (229ms)
			ExecutionOrderSort (0ms)
			DisableScriptedObjects (8ms)
			BackupInstance (0ms)
			ReleaseScriptingObjects (0ms)
			CreateAndSetChildDomain (22ms)
		EndReloadAssembly (1118ms)
			LoadAssemblies (181ms)
			RebuildTransferFunctionScriptingTraits (0ms)
			SetupTypeCache (337ms)
			ReleaseScriptCaches (0ms)
			RebuildScriptCaches (53ms)
			SetupLoadedEditorAssemblies (458ms)
				LogAssemblyErrors (0ms)
				InitializePlatformSupportModulesInManaged (4ms)
				SetLoadedEditorAssemblies (0ms)
				RefreshPlugins (59ms)
				BeforeProcessingInitializeOnLoad (87ms)
				ProcessInitializeOnLoadAttributes (284ms)
				ProcessInitializeOnLoadMethodAttributes (11ms)
				AfterProcessingInitializeOnLoad (12ms)
				EditorAssembliesLoaded (0ms)
			ExecutionOrderSort2 (0ms)
			AwakeInstancesAfterBackupRestoration (7ms)
Platform modules already initialized, skipping
========================================================================
Worker process is ready to serve import requests
Launched and connected shader compiler UnityShaderCompiler.exe after 0.10 seconds
Refreshing native plugins compatible for Editor in 0.55 ms, found 2 plugins.
Preloading 0 native plugins for Editor in 0.00 ms.
Unloading 1900 Unused Serialized files (Serialized files now loaded: 0)
System memory in use before: 107.3 MB.
System memory in use after: 107.4 MB.

Unloading 18 unused Assets to reduce memory usage. Loaded Objects now: 2366.
Total: 3.611800 ms (FindLiveObjects: 0.161400 ms CreateObjectMapping: 0.071000 ms MarkObjects: 3.356300 ms  DeleteObjects: 0.021800 ms)

AssetImportParameters requested are different than current active one (requested -> active):
  custom:framework-win-MediaFoundation: 216162199b28c13a410421893ffa2e32 -> 
  custom:video-decoder-ogg-theora: a1e56fd34408186e4bbccfd4996cb3dc -> 
  custom:container-muxer-webm: aa71ff27fc2769a1b78a27578f13a17b -> 
  custom:container-demuxer-webm: 4f35f7cbe854078d1ac9338744f61a02 -> 
  custom:container-demuxer-ogg: 62fdf1f143b41e24485cea50d1cbac27 -> 
  custom:video-encoder-webm-vp8: eb34c28f22e8b96e1ab97ce403110664 -> 
  custom:video-codec-MediaFoundation-h265: 746d11721c4dcdbdad8f713fa42b33f4 -> 
  custom:video-decoder-webm-vp8: 9c59270c3fd7afecdb556c50c9e8de78 -> 
  custom:audio-decoder-ogg-vorbis: bf7c407c2cedff20999df2af8eb42d56 -> 
  custom:audio-encoder-webm-vorbis: bf7c407c2cedff20999df2af8eb42d56 -> 
========================================================================
Received Import Request.
  path: Assets/Prefabs/Blocks/Neightborhood_Type_02.prefab
  artifactKey: Guid(d08bbc6d322a8e14bac457eb3225dce1) Importer(815301076,1909f56bfc062723c751e8b465ee728b)
Start importing Assets/Prefabs/Blocks/Neightborhood_Type_02.prefab using Guid(d08bbc6d322a8e14bac457eb3225dce1) Importer(815301076,1909f56bfc062723c751e8b465ee728b)  -> (artifact id: 'a4c5778b4eb2912ed4bf48004d6d2c9b') in 0.158012 seconds 
========================================================================
Received Import Request.
  Time since last request: 148.135300 seconds.
  path: Assets/Prefabs/Roads/Intersection.prefab
  artifactKey: Guid(1efc3cb83bf92514bab8c36af8f001ea) Importer(815301076,1909f56bfc062723c751e8b465ee728b)
Start importing Assets/Prefabs/Roads/Intersection.prefab using Guid(1efc3cb83bf92514bab8c36af8f001ea) Importer(815301076,1909f56bfc062723c751e8b465ee728b)  -> (artifact id: '16bb3f2b66036c756574dae157418f5b') in 0.074454 seconds 
========================================================================
Received Import Request.
  Time since last request: 5.718760 seconds.
  path: Assets/Prefabs/Roads/Intersection.prefab
  artifactKey: Guid(1efc3cb83bf92514bab8c36af8f001ea) Importer(815301076,1909f56bfc062723c751e8b465ee728b)
Start importing Assets/Prefabs/Roads/Intersection.prefab using Guid(1efc3cb83bf92514bab8c36af8f001ea) Importer(815301076,1909f56bfc062723c751e8b465ee728b)  -> (artifact id: 'b09b9d5a3771349a9e6604ab44243d1c') in 0.033742 seconds 
========================================================================
Received Import Request.
  Time since last request: 2.965683 seconds.
  path: Assets/Prefabs/Roads/IntersectionCenter.prefab
  artifactKey: Guid(ab3ab333bcf05324d98fb468e0c51844) Importer(815301076,1909f56bfc062723c751e8b465ee728b)
Start importing Assets/Prefabs/Roads/IntersectionCenter.prefab using Guid(ab3ab333bcf05324d98fb468e0c51844) Importer(815301076,1909f56bfc062723c751e8b465ee728b)  -> (artifact id: '9a622fa21044029e8cc129dea5578352') in 0.051294 seconds 
========================================================================
Received Import Request.
  Time since last request: 3.930542 seconds.
  path: Assets/Prefabs/Roads/IntersectionCenter.prefab
  artifactKey: Guid(ab3ab333bcf05324d98fb468e0c51844) Importer(815301076,1909f56bfc062723c751e8b465ee728b)
Start importing Assets/Prefabs/Roads/IntersectionCenter.prefab using Guid(ab3ab333bcf05324d98fb468e0c51844) Importer(815301076,1909f56bfc062723c751e8b465ee728b)  -> (artifact id: '9ab66bb2bdd3e1c6ed7e83d7392913fc') in 0.050906 seconds 
========================================================================
Received Import Request.
  Time since last request: 0.971261 seconds.
  path: Assets/Prefabs/Roads/IntersectionCrossing.prefab
  artifactKey: Guid(81b4f1187826ada48a57e0766eca3318) Importer(815301076,1909f56bfc062723c751e8b465ee728b)
Start importing Assets/Prefabs/Roads/IntersectionCrossing.prefab using Guid(81b4f1187826ada48a57e0766eca3318) Importer(815301076,1909f56bfc062723c751e8b465ee728b)  -> (artifact id: 'd9606753b8f5923d110641ac4a6a9739') in 0.021377 seconds 
========================================================================
Received Import Request.
  Time since last request: 4.317678 seconds.
  path: Assets/Prefabs/Roads/IntersectionCrossing.prefab
  artifactKey: Guid(81b4f1187826ada48a57e0766eca3318) Importer(815301076,1909f56bfc062723c751e8b465ee728b)
Start importing Assets/Prefabs/Roads/IntersectionCrossing.prefab using Guid(81b4f1187826ada48a57e0766eca3318) Importer(815301076,1909f56bfc062723c751e8b465ee728b)  -> (artifact id: 'da543a3296d8a1d6d6416475dd1ad563') in 0.030648 seconds 
========================================================================
Received Import Request.
  Time since last request: 2.391433 seconds.
  path: Assets/Prefabs/Roads/BlockCenterStreet.prefab
  artifactKey: Guid(db30d0968d2a14049a573801dedb82e4) Importer(815301076,1909f56bfc062723c751e8b465ee728b)
Start importing Assets/Prefabs/Roads/BlockCenterStreet.prefab using Guid(db30d0968d2a14049a573801dedb82e4) Importer(815301076,1909f56bfc062723c751e8b465ee728b)  -> (artifact id: 'e0a7729645a7a56ba31fd375eb83e9bb') in 0.027703 seconds 
========================================================================
Received Import Request.
  Time since last request: 12.244658 seconds.
  path: Assets/Prefabs/Roads/BlockCenterStreet.prefab
  artifactKey: Guid(db30d0968d2a14049a573801dedb82e4) Importer(815301076,1909f56bfc062723c751e8b465ee728b)
Start importing Assets/Prefabs/Roads/BlockCenterStreet.prefab using Guid(db30d0968d2a14049a573801dedb82e4) Importer(815301076,1909f56bfc062723c751e8b465ee728b)  -> (artifact id: 'd7a047eb2481872c5c7d6187fe7fd11c') in 0.033427 seconds 
========================================================================
Received Import Request.
  Time since last request: 2.252610 seconds.
  path: Assets/Prefabs/Roads/Intersection.prefab
  artifactKey: Guid(1efc3cb83bf92514bab8c36af8f001ea) Importer(815301076,1909f56bfc062723c751e8b465ee728b)
Start importing Assets/Prefabs/Roads/Intersection.prefab using Guid(1efc3cb83bf92514bab8c36af8f001ea) Importer(815301076,1909f56bfc062723c751e8b465ee728b)  -> (artifact id: '9a5e026d907a9a9f8cca9aed6fef91ea') in 0.043605 seconds 
========================================================================
Received Import Request.
  Time since last request: 1242.042945 seconds.
  path: Assets/Prefabs/Maps/SmallMap_01.prefab
  artifactKey: Guid(fced293a077311e4a85b8fc48d976879) Importer(815301076,1909f56bfc062723c751e8b465ee728b)
Start importing Assets/Prefabs/Maps/SmallMap_01.prefab using Guid(fced293a077311e4a85b8fc48d976879) Importer(815301076,1909f56bfc062723c751e8b465ee728b)  -> (artifact id: 'ae61c878a6707e66897811573ad16a81') in 0.301257 seconds 
========================================================================
Received Import Request.
  Time since last request: 1.111957 seconds.
  path: Assets/Prefabs/Maps/SmallCityMap.prefab
  artifactKey: Guid(7a514ae4e4f07ca49b28892b08b333e8) Importer(815301076,1909f56bfc062723c751e8b465ee728b)
Start importing Assets/Prefabs/Maps/SmallCityMap.prefab using Guid(7a514ae4e4f07ca49b28892b08b333e8) Importer(815301076,1909f56bfc062723c751e8b465ee728b)  -> (artifact id: '5f53fc4c8251fb083d44924d4dc778fe') in 0.052642 seconds 
========================================================================
Received Import Request.
  Time since last request: 1.947398 seconds.
  path: Assets/Prefabs/Maps/Plane.prefab
  artifactKey: Guid(7a8c2b462026cf54b955a07d00f6fa02) Importer(815301076,1909f56bfc062723c751e8b465ee728b)
Start importing Assets/Prefabs/Maps/Plane.prefab using Guid(7a8c2b462026cf54b955a07d00f6fa02) Importer(815301076,1909f56bfc062723c751e8b465ee728b)  -> (artifact id: 'b67ec9e6d4ddbd3859a0c4c7bfc74e27') in 0.023050 seconds 
========================================================================
Received Import Request.
  Time since last request: 0.764643 seconds.
  path: Assets/Prefabs/Maps/MediumCityMap.prefab
  artifactKey: Guid(0ef51b36a843eab46a793d759e6441c3) Importer(815301076,1909f56bfc062723c751e8b465ee728b)
Start importing Assets/Prefabs/Maps/MediumCityMap.prefab using Guid(0ef51b36a843eab46a793d759e6441c3) Importer(815301076,1909f56bfc062723c751e8b465ee728b)  -> (artifact id: 'd3346ffe496bae1b9ef57098aa211c5f') in 0.186007 seconds 
========================================================================
Received Prepare
Registering precompiled user dll's ...
Registered in 0.004778 seconds.
Begin MonoManager ReloadAssembly
Native extension for WindowsStandalone target not found
Refreshing native plugins compatible for Editor in 0.76 ms, found 2 plugins.
Preloading 0 native plugins for Editor in 0.00 ms.
Mono: successfully reloaded assembly
- Completed reload, in  1.452 seconds
Domain Reload Profiling:
	ReloadAssembly (1453ms)
		BeginReloadAssembly (231ms)
			ExecutionOrderSort (0ms)
			DisableScriptedObjects (6ms)
			BackupInstance (0ms)
			ReleaseScriptingObjects (0ms)
			CreateAndSetChildDomain (47ms)
		EndReloadAssembly (1123ms)
			LoadAssemblies (239ms)
			RebuildTransferFunctionScriptingTraits (0ms)
			SetupTypeCache (455ms)
			ReleaseScriptCaches (1ms)
			RebuildScriptCaches (54ms)
			SetupLoadedEditorAssemblies (330ms)
				LogAssemblyErrors (0ms)
				InitializePlatformSupportModulesInManaged (6ms)
				SetLoadedEditorAssemblies (1ms)
				RefreshPlugins (1ms)
				BeforeProcessingInitializeOnLoad (85ms)
				ProcessInitializeOnLoadAttributes (219ms)
				ProcessInitializeOnLoadMethodAttributes (9ms)
				AfterProcessingInitializeOnLoad (10ms)
				EditorAssembliesLoaded (0ms)
			ExecutionOrderSort2 (0ms)
			AwakeInstancesAfterBackupRestoration (7ms)
Platform modules already initialized, skipping
Refreshing native plugins compatible for Editor in 0.50 ms, found 2 plugins.
Preloading 0 native plugins for Editor in 0.00 ms.
Unloading 1881 Unused Serialized files (Serialized files now loaded: 0)
System memory in use before: 116.2 MB.
System memory in use after: 116.4 MB.

Unloading 12 unused Assets to reduce memory usage. Loaded Objects now: 2379.
Total: 3.463100 ms (FindLiveObjects: 0.150400 ms CreateObjectMapping: 0.065000 ms MarkObjects: 3.219400 ms  DeleteObjects: 0.026900 ms)

AssetImportParameters requested are different than current active one (requested -> active):
  custom:framework-win-MediaFoundation: 216162199b28c13a410421893ffa2e32 -> 
  custom:video-decoder-ogg-theora: a1e56fd34408186e4bbccfd4996cb3dc -> 
  custom:container-muxer-webm: aa71ff27fc2769a1b78a27578f13a17b -> 
  custom:container-demuxer-webm: 4f35f7cbe854078d1ac9338744f61a02 -> 
  custom:container-demuxer-ogg: 62fdf1f143b41e24485cea50d1cbac27 -> 
  custom:video-encoder-webm-vp8: eb34c28f22e8b96e1ab97ce403110664 -> 
  custom:video-codec-MediaFoundation-h265: 746d11721c4dcdbdad8f713fa42b33f4 -> 
  custom:video-decoder-webm-vp8: 9c59270c3fd7afecdb556c50c9e8de78 -> 
  custom:audio-decoder-ogg-vorbis: bf7c407c2cedff20999df2af8eb42d56 -> 
  custom:audio-encoder-webm-vorbis: bf7c407c2cedff20999df2af8eb42d56 -> 
